"Start of log file."
"C:/Users/15271/DOCUME~1/MMOORNOT/MYUNIT~1/MMOORNOT/Assets/NONAME~1/NONAME~1.MAX"
"Starting max loading and fbx conversion"
window = undefined
"Settings units"
"Before fbx export"
"After fbx export"
"Finished max loading and fbx conversion"
"C:/Users/15271/DOCUME~1/MMOORNOT/MYUNIT~1/MMOORNOT/Assets/Roman/Roman.max"
"Starting max loading and fbx conversion"
window = undefined
"Settings units"
"Before fbx export"
"After fbx export"
"Finished max loading and fbx conversion"
"C:/Users/15271/DOCUME~1/MMOORNOT/MYUNIT~1/MMOORNOT/Assets/JERSEY~1/JERSEY~1.MAX"
"Starting max loading and fbx conversion"
window = undefined
"Settings units"
"Before fbx export"
"After fbx export"
"Finished max loading and fbx conversion"
"C:/Users/15271/DOCUME~1/MMOORNOT/MYUNIT~1/MMOORNOT/Assets/REYNAL~1/REYNAL~1.MAX"
"Starting max loading and fbx conversion"
window = undefined
"Settings units"
"Before fbx export"
"After fbx export"
"Finished max loading and fbx conversion"
